<?xml version="1.0" encoding="UTF-8"?>
<testsuite xmlns:xsi="http://www.w3.org/2001/XMLSchema-instance" xsi:noNamespaceSchemaLocation="https://maven.apache.org/surefire/maven-surefire-plugin/xsd/surefire-test-report.xsd" name="com.parkinglot.Model.CarModelTest" time="0.043" tests="3" errors="0" skipped="0" failures="0">
  <properties>
    <property name="sun.desktop" value="windows"/>
    <property name="awt.toolkit" value="sun.awt.windows.WToolkit"/>
    <property name="file.encoding.pkg" value="sun.io"/>
    <property name="java.specification.version" value="1.8"/>
    <property name="sun.cpu.isalist" value="amd64"/>
    <property name="sun.jnu.encoding" value="Cp1252"/>
    <property name="java.class.path" value="C:\Users\SAURAV ROY\Desktop\gojek\parking_lot_gojek\target\test-classes;C:\Users\SAURAV ROY\Desktop\gojek\parking_lot_gojek\target\classes;C:\Users\SAURAV ROY\.m2\repository\junit\junit\4.4\junit-4.4.jar;C:\Users\SAURAV ROY\.m2\repository\org\apache\maven\surefire\surefire-junit47\3.0.0-M1\surefire-junit47-3.0.0-M1.jar;C:\Users\SAURAV ROY\.m2\repository\org\apache\maven\surefire\common-junit48\3.0.0-M1\common-junit48-3.0.0-M1.jar;C:\Users\SAURAV ROY\.m2\repository\org\apache\maven\surefire\common-junit4\3.0.0-M1\common-junit4-3.0.0-M1.jar;C:\Users\SAURAV ROY\.m2\repository\org\apache\maven\surefire\common-junit3\3.0.0-M1\common-junit3-3.0.0-M1.jar;C:\Users\SAURAV ROY\.m2\repository\org\apache\maven\surefire\common-java5\3.0.0-M1\common-java5-3.0.0-M1.jar;C:\Users\SAURAV ROY\.m2\repository\org\apache\maven\shared\maven-shared-utils\3.1.0\maven-shared-utils-3.1.0.jar;C:\Users\SAURAV ROY\.m2\repository\org\apache\maven\surefire\surefire-grouper\3.0.0-M1\surefire-grouper-3.0.0-M1.jar;C:\Users\SAURAV ROY\.m2\repository\org\apache\maven\surefire\surefire-api\3.0.0-M1\surefire-api-3.0.0-M1.jar;C:\Users\SAURAV ROY\.m2\repository\org\apache\maven\surefire\surefire-logger-api\3.0.0-M1\surefire-logger-api-3.0.0-M1.jar;"/>
    <property name="java.vm.vendor" value="Oracle Corporation"/>
    <property name="sun.arch.data.model" value="64"/>
    <property name="user.variant" value=""/>
    <property name="java.vendor.url" value="http://java.oracle.com/"/>
    <property name="user.timezone" value="Asia/Calcutta"/>
    <property name="java.vm.specification.version" value="1.8"/>
    <property name="os.name" value="Windows 10"/>
    <property name="user.country" value="IN"/>
    <property name="sun.java.launcher" value="SUN_STANDARD"/>
    <property name="sun.boot.library.path" value="C:\Program Files\Java\jdk1.8.0_201\jre\bin"/>
    <property name="sun.java.command" value="C:\Users\SAURAV~1\AppData\Local\Temp\surefire8171039084060490527\surefirebooter718158351523016527.jar C:\Users\SAURAV ROY\AppData\Local\Temp\surefire8171039084060490527 2019-11-21T00-55-23_045-jvmRun1 surefire9013582494116102597tmp surefire_08528688158474593813tmp"/>
    <property name="surefire.test.class.path" value="C:\Users\SAURAV ROY\Desktop\gojek\parking_lot_gojek\target\test-classes;C:\Users\SAURAV ROY\Desktop\gojek\parking_lot_gojek\target\classes;C:\Users\SAURAV ROY\.m2\repository\junit\junit\4.4\junit-4.4.jar;C:\Users\SAURAV ROY\.m2\repository\org\apache\maven\surefire\surefire-junit47\3.0.0-M1\surefire-junit47-3.0.0-M1.jar;C:\Users\SAURAV ROY\.m2\repository\org\apache\maven\surefire\common-junit48\3.0.0-M1\common-junit48-3.0.0-M1.jar;C:\Users\SAURAV ROY\.m2\repository\org\apache\maven\surefire\common-junit4\3.0.0-M1\common-junit4-3.0.0-M1.jar;C:\Users\SAURAV ROY\.m2\repository\org\apache\maven\surefire\common-junit3\3.0.0-M1\common-junit3-3.0.0-M1.jar;C:\Users\SAURAV ROY\.m2\repository\org\apache\maven\surefire\common-java5\3.0.0-M1\common-java5-3.0.0-M1.jar;C:\Users\SAURAV ROY\.m2\repository\org\apache\maven\shared\maven-shared-utils\3.1.0\maven-shared-utils-3.1.0.jar;C:\Users\SAURAV ROY\.m2\repository\org\apache\maven\surefire\surefire-grouper\3.0.0-M1\surefire-grouper-3.0.0-M1.jar;C:\Users\SAURAV ROY\.m2\repository\org\apache\maven\surefire\surefire-api\3.0.0-M1\surefire-api-3.0.0-M1.jar;C:\Users\SAURAV ROY\.m2\repository\org\apache\maven\surefire\surefire-logger-api\3.0.0-M1\surefire-logger-api-3.0.0-M1.jar;"/>
    <property name="sun.cpu.endian" value="little"/>
    <property name="user.home" value="C:\Users\SAURAV ROY"/>
    <property name="user.language" value="en"/>
    <property name="java.specification.vendor" value="Oracle Corporation"/>
    <property name="java.home" value="C:\Program Files\Java\jdk1.8.0_201\jre"/>
    <property name="basedir" value="C:\Users\SAURAV ROY\Desktop\gojek\parking_lot_gojek"/>
    <property name="file.separator" value="\"/>
    <property name="line.separator" value="&#10;"/>
    <property name="java.vm.specification.vendor" value="Oracle Corporation"/>
    <property name="java.specification.name" value="Java Platform API Specification"/>
    <property name="java.awt.graphicsenv" value="sun.awt.Win32GraphicsEnvironment"/>
    <property name="surefire.real.class.path" value="C:\Users\SAURAV~1\AppData\Local\Temp\surefire8171039084060490527\surefirebooter718158351523016527.jar"/>
    <property name="sun.boot.class.path" value="C:\Program Files\Java\jdk1.8.0_201\jre\lib\resources.jar;C:\Program Files\Java\jdk1.8.0_201\jre\lib\rt.jar;C:\Program Files\Java\jdk1.8.0_201\jre\lib\sunrsasign.jar;C:\Program Files\Java\jdk1.8.0_201\jre\lib\jsse.jar;C:\Program Files\Java\jdk1.8.0_201\jre\lib\jce.jar;C:\Program Files\Java\jdk1.8.0_201\jre\lib\charsets.jar;C:\Program Files\Java\jdk1.8.0_201\jre\lib\jfr.jar;C:\Program Files\Java\jdk1.8.0_201\jre\classes"/>
    <property name="user.script" value=""/>
    <property name="sun.management.compiler" value="HotSpot 64-Bit Tiered Compilers"/>
    <property name="java.runtime.version" value="1.8.0_201-b09"/>
    <property name="user.name" value="SAURAV ROY"/>
    <property name="path.separator" value=";"/>
    <property name="os.version" value="10.0"/>
    <property name="java.endorsed.dirs" value="C:\Program Files\Java\jdk1.8.0_201\jre\lib\endorsed"/>
    <property name="java.runtime.name" value="Java(TM) SE Runtime Environment"/>
    <property name="file.encoding" value="Cp1252"/>
    <property name="java.vm.name" value="Java HotSpot(TM) 64-Bit Server VM"/>
    <property name="localRepository" value="C:\Users\SAURAV ROY\.m2\repository"/>
    <property name="java.vendor.url.bug" value="http://bugreport.sun.com/bugreport/"/>
    <property name="java.io.tmpdir" value="C:\Users\SAURAV~1\AppData\Local\Temp\"/>
    <property name="java.version" value="1.8.0_201"/>
    <property name="user.dir" value="C:\Users\SAURAV ROY\Desktop\gojek\parking_lot_gojek"/>
    <property name="os.arch" value="amd64"/>
    <property name="java.vm.specification.name" value="Java Virtual Machine Specification"/>
    <property name="java.awt.printerjob" value="sun.awt.windows.WPrinterJob"/>
    <property name="sun.os.patch.level" value=""/>
    <property name="java.library.path" value="C:\Program Files\Java\jdk1.8.0_201\jre\bin;C:\WINDOWS\Sun\Java\bin;C:\WINDOWS\system32;C:\WINDOWS;C:\Python27\;C:\Python27\Scripts;C:\SynaptiCAD\bin\win32;C:\Program Files (x86)\Common Files\Intel\Shared Files\cpp\bin\Intel64;C:\WINDOWS\system32;C:\WINDOWS;C:\WINDOWS\System32\Wbem;C:\WINDOWS\System32\WindowsPowerShell\v1.0\;C:\WINDOWS\System32\OpenSSH\;C:\Users\SAURAV ROY\Downloads\MinGW\bin;C:\SynaptiCAD\bin;C:\Program Files\dotnet\;C:\Program Files\Git\cmd;C:\Users\SAURAV ROY\Downloads\apache-maven-3.6.2\bin;C:\Program Files\Java\jdk1.8.0_201\bin;C:\Program Files (x86)\nodejs\;C:\Program Files\PuTTY\;C:\Program Files\Microsoft SQL Server\130\Tools\Binn\;C:\Program Files\Microsoft SQL Server\Client SDK\ODBC\170\Tools\Binn\;C:\Program Files (x86)\Microsoft SQL Server\150\DTS\Binn\;C:\Program Files\Microsoft SQL Server\140\Tools\Binn\;C:\Program Files\Microsoft SQL Server\110\Tools\Binn\;C:\Program Files (x86)\Windows Kits\8.1\Windows Performance Toolkit\;C:\ProgramData\chocolatey\bin;C:\Program Files (x86)\Android\android-sdk\platform-tools\;C:\Program Files (x86)\Yarn\bin\;C:\Program Files\JetBrains\IntelliJ IDEA 2018.3.5\bin;;C:\Program Files\Java\jdk1.8.0_201\bin;C:\Users\SAURAV ROY\AppData\Local\Programs\Microsoft VS Code\bin;C:\Users\SAURAV ROY\AppData\Roaming\npm;C:\Program Files\JetBrains\PyCharm 2019.1.2\bin;C:\Users\SAURAV ROY\.dotnet\tools;C:\Users\SAURAV ROY\AppData\Local\Microsoft\WindowsApps;C:\Program Files\JetBrains\WebStorm 2019.2.1\bin;;C:\Program Files\JetBrains\CLion 2019.2.3\bin;;C:\Users\SAURAV ROY\AppData\Local\Yarn\bin;."/>
    <property name="java.vm.info" value="mixed mode"/>
    <property name="java.vendor" value="Oracle Corporation"/>
    <property name="java.vm.version" value="25.201-b09"/>
    <property name="java.ext.dirs" value="C:\Program Files\Java\jdk1.8.0_201\jre\lib\ext;C:\WINDOWS\Sun\Java\lib\ext"/>
    <property name="sun.io.unicode.encoding" value="UnicodeLittle"/>
    <property name="java.class.version" value="52.0"/>
  </properties>
  <testcase name="validTest" classname="com.parkinglot.Model.CarModelTest" time="0"/>
  <testcase name="testWithNullColor" classname="com.parkinglot.Model.CarModelTest" time="0"/>
  <testcase name="testWithNullRegistrationNumber" classname="com.parkinglot.Model.CarModelTest" time="0"/>
</testsuite>