<?xml version="1.0" encoding="UTF-8"?>
<testsuite xmlns:xsi="http://www.w3.org/2001/XMLSchema-instance" xsi:noNamespaceSchemaLocation="https://maven.apache.org/surefire/maven-surefire-plugin/xsd/surefire-test-report.xsd" name="com.parkinglot.AppServices.TicketServiceTest" time="0.027" tests="13" errors="0" skipped="0" failures="0">
  <properties>
    <property name="gopherProxySet" value="false"/>
    <property name="awt.toolkit" value="sun.lwawt.macosx.LWCToolkit"/>
    <property name="file.encoding.pkg" value="sun.io"/>
    <property name="java.specification.version" value="1.8"/>
    <property name="sun.cpu.isalist" value=""/>
    <property name="sun.jnu.encoding" value="UTF-8"/>
    <property name="java.class.path" value="/Users/shubhangi1.priya/Downloads/Shubhangi_Parking-Lot/target/test-classes:/Users/shubhangi1.priya/Downloads/Shubhangi_Parking-Lot/target/classes:/Users/shubhangi1.priya/.m2/repository/junit/junit/4.4/junit-4.4.jar:/Users/shubhangi1.priya/.m2/repository/org/apache/maven/surefire/surefire-junit47/3.0.0-M1/surefire-junit47-3.0.0-M1.jar:/Users/shubhangi1.priya/.m2/repository/org/apache/maven/surefire/common-junit48/3.0.0-M1/common-junit48-3.0.0-M1.jar:/Users/shubhangi1.priya/.m2/repository/org/apache/maven/surefire/common-junit4/3.0.0-M1/common-junit4-3.0.0-M1.jar:/Users/shubhangi1.priya/.m2/repository/org/apache/maven/surefire/common-junit3/3.0.0-M1/common-junit3-3.0.0-M1.jar:/Users/shubhangi1.priya/.m2/repository/org/apache/maven/surefire/common-java5/3.0.0-M1/common-java5-3.0.0-M1.jar:/Users/shubhangi1.priya/.m2/repository/org/apache/maven/shared/maven-shared-utils/3.1.0/maven-shared-utils-3.1.0.jar:/Users/shubhangi1.priya/.m2/repository/org/apache/maven/surefire/surefire-grouper/3.0.0-M1/surefire-grouper-3.0.0-M1.jar:/Users/shubhangi1.priya/.m2/repository/org/apache/maven/surefire/surefire-api/3.0.0-M1/surefire-api-3.0.0-M1.jar:/Users/shubhangi1.priya/.m2/repository/org/apache/maven/surefire/surefire-logger-api/3.0.0-M1/surefire-logger-api-3.0.0-M1.jar:"/>
    <property name="java.vm.vendor" value="Oracle Corporation"/>
    <property name="sun.arch.data.model" value="64"/>
    <property name="java.vendor.url" value="http://java.oracle.com/"/>
    <property name="user.timezone" value=""/>
    <property name="java.vm.specification.version" value="1.8"/>
    <property name="os.name" value="Mac OS X"/>
    <property name="user.country" value="IN"/>
    <property name="sun.java.launcher" value="SUN_STANDARD"/>
    <property name="sun.boot.library.path" value="/Library/Java/JavaVirtualMachines/jdk1.8.0_221.jdk/Contents/Home/jre/lib"/>
    <property name="sun.java.command" value="/Users/shubhangi1.priya/Downloads/Shubhangi_Parking-Lot/target/surefire/surefirebooter7850160925786139234.jar /Users/shubhangi1.priya/Downloads/Shubhangi_Parking-Lot/target/surefire 2020-01-27T01-37-01_657-jvmRun1 surefire38124874921885464tmp surefire_02773358686092822954tmp"/>
    <property name="surefire.test.class.path" value="/Users/shubhangi1.priya/Downloads/Shubhangi_Parking-Lot/target/test-classes:/Users/shubhangi1.priya/Downloads/Shubhangi_Parking-Lot/target/classes:/Users/shubhangi1.priya/.m2/repository/junit/junit/4.4/junit-4.4.jar:/Users/shubhangi1.priya/.m2/repository/org/apache/maven/surefire/surefire-junit47/3.0.0-M1/surefire-junit47-3.0.0-M1.jar:/Users/shubhangi1.priya/.m2/repository/org/apache/maven/surefire/common-junit48/3.0.0-M1/common-junit48-3.0.0-M1.jar:/Users/shubhangi1.priya/.m2/repository/org/apache/maven/surefire/common-junit4/3.0.0-M1/common-junit4-3.0.0-M1.jar:/Users/shubhangi1.priya/.m2/repository/org/apache/maven/surefire/common-junit3/3.0.0-M1/common-junit3-3.0.0-M1.jar:/Users/shubhangi1.priya/.m2/repository/org/apache/maven/surefire/common-java5/3.0.0-M1/common-java5-3.0.0-M1.jar:/Users/shubhangi1.priya/.m2/repository/org/apache/maven/shared/maven-shared-utils/3.1.0/maven-shared-utils-3.1.0.jar:/Users/shubhangi1.priya/.m2/repository/org/apache/maven/surefire/surefire-grouper/3.0.0-M1/surefire-grouper-3.0.0-M1.jar:/Users/shubhangi1.priya/.m2/repository/org/apache/maven/surefire/surefire-api/3.0.0-M1/surefire-api-3.0.0-M1.jar:/Users/shubhangi1.priya/.m2/repository/org/apache/maven/surefire/surefire-logger-api/3.0.0-M1/surefire-logger-api-3.0.0-M1.jar:"/>
    <property name="sun.cpu.endian" value="little"/>
    <property name="user.home" value="/Users/shubhangi1.priya"/>
    <property name="user.language" value="en"/>
    <property name="java.specification.vendor" value="Oracle Corporation"/>
    <property name="java.home" value="/Library/Java/JavaVirtualMachines/jdk1.8.0_221.jdk/Contents/Home/jre"/>
    <property name="basedir" value="/Users/shubhangi1.priya/Downloads/Shubhangi_Parking-Lot"/>
    <property name="file.separator" value="/"/>
    <property name="line.separator" value="&#10;"/>
    <property name="java.vm.specification.vendor" value="Oracle Corporation"/>
    <property name="java.specification.name" value="Java Platform API Specification"/>
    <property name="java.awt.graphicsenv" value="sun.awt.CGraphicsEnvironment"/>
    <property name="surefire.real.class.path" value="/Users/shubhangi1.priya/Downloads/Shubhangi_Parking-Lot/target/surefire/surefirebooter7850160925786139234.jar"/>
    <property name="sun.boot.class.path" value="/Library/Java/JavaVirtualMachines/jdk1.8.0_221.jdk/Contents/Home/jre/lib/resources.jar:/Library/Java/JavaVirtualMachines/jdk1.8.0_221.jdk/Contents/Home/jre/lib/rt.jar:/Library/Java/JavaVirtualMachines/jdk1.8.0_221.jdk/Contents/Home/jre/lib/sunrsasign.jar:/Library/Java/JavaVirtualMachines/jdk1.8.0_221.jdk/Contents/Home/jre/lib/jsse.jar:/Library/Java/JavaVirtualMachines/jdk1.8.0_221.jdk/Contents/Home/jre/lib/jce.jar:/Library/Java/JavaVirtualMachines/jdk1.8.0_221.jdk/Contents/Home/jre/lib/charsets.jar:/Library/Java/JavaVirtualMachines/jdk1.8.0_221.jdk/Contents/Home/jre/lib/jfr.jar:/Library/Java/JavaVirtualMachines/jdk1.8.0_221.jdk/Contents/Home/jre/classes"/>
    <property name="sun.management.compiler" value="HotSpot 64-Bit Tiered Compilers"/>
    <property name="java.runtime.version" value="1.8.0_221-b11"/>
    <property name="user.name" value="shubhangi1.priya"/>
    <property name="path.separator" value=":"/>
    <property name="os.version" value="10.14.6"/>
    <property name="java.endorsed.dirs" value="/Library/Java/JavaVirtualMachines/jdk1.8.0_221.jdk/Contents/Home/jre/lib/endorsed"/>
    <property name="java.runtime.name" value="Java(TM) SE Runtime Environment"/>
    <property name="file.encoding" value="US-ASCII"/>
    <property name="java.vm.name" value="Java HotSpot(TM) 64-Bit Server VM"/>
    <property name="localRepository" value="/Users/shubhangi1.priya/.m2/repository"/>
    <property name="java.vendor.url.bug" value="http://bugreport.sun.com/bugreport/"/>
    <property name="java.io.tmpdir" value="/var/folders/j8/sxhbxz2s5c9871_2l0nwvs4c537p1g/T/"/>
    <property name="java.version" value="1.8.0_221"/>
    <property name="user.dir" value="/Users/shubhangi1.priya/Downloads/Shubhangi_Parking-Lot"/>
    <property name="os.arch" value="x86_64"/>
    <property name="java.vm.specification.name" value="Java Virtual Machine Specification"/>
    <property name="java.awt.printerjob" value="sun.lwawt.macosx.CPrinterJob"/>
    <property name="sun.os.patch.level" value="unknown"/>
    <property name="java.library.path" value="/Users/shubhangi1.priya/Library/Java/Extensions:/Library/Java/Extensions:/Network/Library/Java/Extensions:/System/Library/Java/Extensions:/usr/lib/java:."/>
    <property name="java.vm.info" value="mixed mode"/>
    <property name="java.vendor" value="Oracle Corporation"/>
    <property name="java.vm.version" value="25.221-b11"/>
    <property name="java.ext.dirs" value="/Users/shubhangi1.priya/Library/Java/Extensions:/Library/Java/JavaVirtualMachines/jdk1.8.0_221.jdk/Contents/Home/jre/lib/ext:/Library/Java/Extensions:/Network/Library/Java/Extensions:/System/Library/Java/Extensions:/usr/lib/java"/>
    <property name="sun.io.unicode.encoding" value="UnicodeBig"/>
    <property name="java.class.version" value="52.0"/>
  </properties>
  <testcase name="integrationTest" classname="com.parkinglot.AppServices.TicketServiceTest" time="0.004"/>
  <testcase name="issueParkingTicketWithValidVehicle" classname="com.parkinglot.AppServices.TicketServiceTest" time="0"/>
  <testcase name="issueParkingTicketWithNullVehicle" classname="com.parkinglot.AppServices.TicketServiceTest" time="0.001"/>
  <testcase name="exitVehicleWithValidRegistrationNumber" classname="com.parkinglot.AppServices.TicketServiceTest" time="0"/>
  <testcase name="exitVehicleWithInvalidSlotNumber" classname="com.parkinglot.AppServices.TicketServiceTest" time="0"/>
  <testcase name="getRegistrationNumbersFromColor" classname="com.parkinglot.AppServices.TicketServiceTest" time="0"/>
  <testcase name="getRegistrationNumbersFromNullColor" classname="com.parkinglot.AppServices.TicketServiceTest" time="0"/>
  <testcase name="getSlotNumberFromRegistrationNumberWithValidRegistrationNumber" classname="com.parkinglot.AppServices.TicketServiceTest" time="0"/>
  <testcase name="getSlotNumberFromRegistrationNumberWithInvalidRegistrationNumber" classname="com.parkinglot.AppServices.TicketServiceTest" time="0"/>
  <testcase name="getSlotNumberFromRegistrationNumberWithNullRegistrationNumber" classname="com.parkinglot.AppServices.TicketServiceTest" time="0"/>
  <testcase name="getSlotNumbersFromColor" classname="com.parkinglot.AppServices.TicketServiceTest" time="0"/>
  <testcase name="getSlotNumbersFromNullColor" classname="com.parkinglot.AppServices.TicketServiceTest" time="0"/>
  <testcase name="getStatus" classname="com.parkinglot.AppServices.TicketServiceTest" time="0.001"/>
</testsuite>